app/proguard-rules.pro
-keepattributes *Annotation*, InnerClasses
-dontnote kotlinx.serialization.AnnotationsKt

-keepclassmembers @kotlinx.serialization.Serializable class ** {
    *** Companion;
}
-if @kotlinx.serialization.Serializable class **
-keepclassmembers class <1>$Companion {
    kotlinx.serialization.KSerializer serializer(...);
}

-keepattributes Signature
-keepattributes Exceptions
-keep,allowobfuscation,allowshrinking interface retrofit2.Call
-keep,allowobfuscation,allowshrinking class retrofit2.Response
-keep,allowobfuscation,allowshrinking class kotlin.coroutines.Continuation

-dontwarn okhttp3.internal.platform.**

-keep class dagger.hilt.** { *; }
-keep class javax.inject.** { *; }
-keep class * extends dagger.hilt.android.internal.managers.ViewComponentManager$FragmentContextWrapper { *; }

-keep @kotlinx.serialization.Serializable class com.catfact.app.navigation.AppRoute$* { *; }

-keep class com.catfact.app.core.domain.model.** { *; }
-keep class com.catfact.app.core.network.model.** { *; }
-keep class com.catfact.app.core.database.entity.** { *; }

-keep class * extends androidx.work.Worker
-keep class * extends androidx.work.ListenableWorker {
    public <init>(android.content.Context,androidx.work.WorkerParameters);
}
-keep class com.catfact.app.core.sync.worker.** { *; }