app/build/outputs/mapping/devBenchmark/seeds.txt
com.catfact.app.core.domain.model.ErrorKindMapperKt
com.catfact.app.core.sync.worker.CatFactSyncWorker_AssistedFactory_Impl
com.catfact.app.core.domain.model.ErrorKind$Server
com.catfact.app.core.network.model.CatFactListResponse
com.catfact.app.core.domain.model.FactCategory
com.catfact.app.core.domain.model.CatFact
com.catfact.app.core.domain.model.SyncStatus
com.catfact.app.core.network.model.CatFactListResponse$Companion
com.catfact.app.core.network.api.CatFactApi
com.catfact.app.core.domain.model.ErrorKind
com.catfact.app.core.sync.worker.CatFactSyncWorker$Companion
com.catfact.app.core.domain.model.PageResult
com.catfact.app.core.network.model.CatFactResponse
com.catfact.app.navigation.AppRoute$FactDetailRoute
com.catfact.app.core.sync.worker.CatFactSyncWorker$doWork$1
com.catfact.app.core.database.CatFactDatabase
com.catfact.app.MainActivity_GeneratedInjector
com.catfact.app.core.sync.worker.CatFactSyncWorker_AssistedFactory
com.catfact.app.navigation.AppRoute$FavoritesRoute
com.catfact.app.core.network.model.CatFactListResponse$$serializer
com.catfact.app.core.database.entity.CatFactEntity
com.catfact.app.core.domain.model.ServerException
com.catfact.app.CatFactApplication
com.catfact.app.core.domain.model.FactCategory$Companion
com.catfact.app.MainActivity
com.catfact.app.navigation.AppRoute$FactsRoute
com.catfact.app.core.domain.model.ErrorKind$Unknown
com.catfact.app.core.network.model.CatFactResponse$Companion
com.catfact.app.core.sync.worker.CatFactSyncWorker
com.catfact.app.core.domain.model.ErrorKind$Network
com.catfact.app.core.network.model.CatFactResponse$$serializer
com.catfact.app.core.database.CatFactDatabase_Impl
com.catfact.app.CatFactApplication_GeneratedInjector
com.catfact.app.core.sync.worker.CatFactSyncWorker_HiltModule
com.catfact.app.core.sync.worker.CatFactSyncWorker_Factory
com.catfact.app.core.network.model.CatFactListResponse: java.util.List data
com.catfact.app.core.domain.model.FactCategory: com.catfact.app.core.domain.model.FactCategory Long
com.catfact.app.core.domain.model.FactCategory: com.catfact.app.core.domain.model.FactCategory[] $VALUES
com.catfact.app.core.sync.worker.CatFactSyncWorker: com.catfact.app.core.sync.worker.CatFactSyncWorker$Companion Companion
com.catfact.app.core.network.model.CatFactListResponse: int total
com.catfact.app.core.domain.model.ErrorKind$Network: java.lang.String message
com.catfact.app.core.network.model.CatFactResponse: int length
com.catfact.app.core.domain.model.CatFact: java.lang.String id
com.catfact.app.core.domain.model.FactCategory: int MEDIUM_THRESHOLD
com.catfact.app.core.domain.model.FactCategory: kotlin.enums.EnumEntries $ENTRIES
com.catfact.app.core.network.model.CatFactResponse$$serializer: com.catfact.app.core.network.model.CatFactResponse$$serializer INSTANCE
com.catfact.app.core.domain.model.CatFact: java.lang.String fact
com.catfact.app.core.sync.worker.CatFactSyncWorker$doWork$1: com.catfact.app.core.sync.worker.CatFactSyncWorker this$0
com.catfact.app.core.network.model.CatFactListResponse: kotlin.Lazy[] $childSerializers
com.catfact.app.core.sync.worker.CatFactSyncWorker: java.lang.String WORK_NAME
com.catfact.app.core.domain.model.ErrorKind$Server: java.lang.String message
com.catfact.app.core.sync.worker.CatFactSyncWorker: int MAX_RETRIES
com.catfact.app.core.sync.worker.CatFactSyncWorker: com.catfact.app.core.logging.Logger logger
com.catfact.app.core.sync.worker.CatFactSyncWorker_AssistedFactory_Impl: com.catfact.app.core.sync.worker.CatFactSyncWorker_Factory delegateFactory
com.catfact.app.navigation.AppRoute$FactsRoute: com.catfact.app.navigation.AppRoute$FactsRoute INSTANCE
com.catfact.app.navigation.AppRoute$FavoritesRoute: int $stable
com.catfact.app.core.domain.model.FactCategory: com.catfact.app.core.domain.model.FactCategory Medium
com.catfact.app.core.database.entity.CatFactEntity: java.lang.String id
com.catfact.app.core.domain.model.CatFact: com.catfact.app.core.domain.model.FactCategory category
...
androidx.compose.ui.platform.Api30Impl: boolean isShowingLayoutBounds(android.view.View)
androidx.compose.ui.node.LayoutNode$LayoutState: androidx.compose.ui.node.LayoutNode$LayoutState valueOf(java.lang.String)
dagger.hilt.internal.processedrootsentinel.codegen._com_catfact_app_CatFactApplication: _com_catfact_app_CatFactApplication()
androidx.appcompat.widget.LinearLayoutCompat: int getDividerWidth()
androidx.work.CoroutineWorker: com.google.common.util.concurrent.ListenableFuture getForegroundInfoAsync()
dagger.hilt.android.internal.lifecycle.RetainedLifecycleImpl: void dispatchOnCleared()
androidx.core.widget.EdgeEffectCompat$Api31Impl: float getDistance(android.widget.EdgeEffect)
androidx.work.impl.background.systemalarm.RescheduleReceiver: RescheduleReceiver()
kotlinx.serialization.json.JsonArray$Companion: kotlinx.serialization.KSerializer serializer()
androidx.appcompat.widget.LinearLayoutCompat: void setGravity(int)
androidx.compose.ui.platform.AndroidComposeView: void setAccessibilityEventBatchIntervalMillis(long)
androidx.appcompat.widget.SearchView: androidx.cursoradapter.widget.CursorAdapter getSuggestionsAdapter()
dagger.hilt.android.internal.managers.HiltWrapper_ActivitySavedStateHandleModule: HiltWrapper_ActivitySavedStateHandleModule()
androidx.core.view.WindowInsetsCompat$BuilderImpl: WindowInsetsCompat$BuilderImpl()
androidx.compose.ui.graphics.InlineClassHelperKt: void throwIllegalArgumentException(java.lang.String)
androidx.core.view.WindowInsetsCompat$BuilderImpl34: WindowInsetsCompat$BuilderImpl34(androidx.core.view.WindowInsetsCompat)
com.google.android.material.appbar.AppBarLayout$Behavior: AppBarLayout$Behavior(android.content.Context,android.util.AttributeSet)
androidx.appcompat.widget.AppCompatAutoCompleteTextView: void setSupportCompoundDrawablesTintMode(android.graphics.PorterDuff$Mode)
okhttp3.internal.http2.ErrorCode: okhttp3.internal.http2.ErrorCode valueOf(java.lang.String)
dagger.hilt.android.internal.managers.FragmentComponentManager: java.lang.Object generatedComponent()
dagger.hilt.internal.UnsafeCasts: java.lang.Object unsafeCast(java.lang.Object)
androidx.core.graphics.BlendModeCompat: androidx.core.graphics.BlendModeCompat[] values()
dagger.hilt.internal.GeneratedComponentManager: java.lang.Object generatedComponent()
dagger.hilt.internal.Preconditions: java.lang.Object checkNotNull(java.lang.Object,java.lang.String)
androidx.compose.ui.platform.AndroidComposeView: androidx.compose.ui.input.InputModeManager getInputModeManager()
androidx.work.WorkManager$UpdateResult: androidx.work.WorkManager$UpdateResult valueOf(java.lang.String)
androidx.appcompat.widget.SearchView: void setImeOptions(int)
com.google.android.material.drawable.DrawableUtils$OutlineCompatL: void setConvexPath(android.graphics.Outline,android.graphics.Path)
androidx.compose.foundation.layout.IntrinsicSize: androidx.compose.foundation.layout.IntrinsicSize[] values()
dagger.hilt.android.internal.managers.ActivityRetainedComponentManager_LifecycleModule_ProvideActivityRetainedLifecycleFactory: dagger.hilt.android.ActivityRetainedLifecycle provideActivityRetainedLifecycle()
androidx.activity.EdgeToEdgeApi35: void setUp(androidx.activity.SystemBarStyle,androidx.activity.SystemBarStyle,android.view.Window,android.view.View,boolean,boolean)
androidx.work.ListenableWorker: int getStopReason()
com.google.android.material.appbar.AppBarLayout$Behavior: AppBarLayout$Behavior()
androidx.appcompat.widget.SearchView: void setOnQueryTextFocusChangeListener(android.view.View$OnFocusChangeListener)
dagger.hilt.processor.internal.generatesrootinput.codegen.dagger_hilt_EntryPoint: dagger_hilt_EntryPoint()
dagger.hilt.android.internal.lifecycle.HiltViewModelFactory$ViewModelFactoriesEntryPoint: java.util.Map getHiltViewModelAssistedMap()
dagger.hilt.android.internal.lifecycle.RetainedLifecycleImpl: void throwIfOnClearedDispatched()
androidx.compose.ui.platform.AndroidComposeView: boolean getHasPendingMeasureOrLayout()