app/build/outputs/mapping/devBenchmark/usage.txt
com.catfact.app.BuildConfig
com.catfact.app.CatFactApplication:
    public final void setSyncManager(com.catfact.app.core.sync.manager.CatFactSyncManager)
com.catfact.app.CatFactApplication_ComponentTreeDeps
com.catfact.app.CatFactApplication_HiltComponents$ActivityC$Builder
com.catfact.app.CatFactApplication_HiltComponents$ActivityCBuilderModule
com.catfact.app.CatFactApplication_HiltComponents$ActivityRetainedC$Builder
com.catfact.app.CatFactApplication_HiltComponents$ActivityRetainedCBuilderModule
com.catfact.app.CatFactApplication_HiltComponents$FragmentC$Builder
com.catfact.app.CatFactApplication_HiltComponents$FragmentCBuilderModule
com.catfact.app.CatFactApplication_HiltComponents$ServiceC$Builder
com.catfact.app.CatFactApplication_HiltComponents$ServiceCBuilderModule
com.catfact.app.CatFactApplication_HiltComponents$ViewC$Builder
com.catfact.app.CatFactApplication_HiltComponents$ViewCBuilderModule
com.catfact.app.CatFactApplication_HiltComponents$ViewModelC$Builder
com.catfact.app.CatFactApplication_HiltComponents$ViewModelCBuilderModule
com.catfact.app.CatFactApplication_HiltComponents$ViewWithFragmentC$Builder
com.catfact.app.CatFactApplication_HiltComponents$ViewWithFragmentCBuilderModule
com.catfact.app.CatFactApplication_HiltComponents
com.catfact.app.CatFactApplication_MembersInjector:
    private final dagger.internal.Provider syncManagerProvider
    private void <init>(dagger.internal.Provider)
    public static dagger.MembersInjector create(dagger.internal.Provider)
    public void injectMembers(com.catfact.app.CatFactApplication)
    public synthetic bridge void injectMembers(java.lang.Object)
com.catfact.app.DaggerCatFactApplication_HiltComponents_SingletonC:
    private void <init>()
com.catfact.app.Hilt_MainActivity:
    void <init>(int)
com.catfact.app.R$color
com.catfact.app.R$drawable
com.catfact.app.R$mipmap
com.catfact.app.R$string:
    public static int app_name
    private void <init>()
com.catfact.app.R$style
com.catfact.app.R$xml
com.catfact.app.R
com.catfact.app.core.database.CatFactDatabase_Impl:
    public void clearAllTables()
com.catfact.app.core.database.R
com.catfact.app.core.database.dao.CatFactDao:
    public abstract kotlinx.coroutines.flow.Flow searchFacts(java.lang.String)
com.catfact.app.core.database.dao.CatFactDao_Impl:
    public kotlinx.coroutines.flow.Flow searchFacts(java.lang.String)
    private static final java.util.List searchFacts$lambda$6(java.lang.String,java.lang.String,androidx.sqlite.SQLiteConnection)
com.catfact.app.core.database.di.DatabaseModule_ProvideCatFactDaoFactory:
    private final dagger.internal.Provider databaseProvider
    private void <init>(dagger.internal.Provider)
    public static com.catfact.app.core.database.di.DatabaseModule_ProvideCatFactDaoFactory create(dagger.internal.Provider)
    public com.catfact.app.core.database.dao.CatFactDao get()
    public synthetic bridge java.lang.Object get()
com.catfact.app.core.database.di.DatabaseModule_ProvideDatabaseFactory:
    private final dagger.internal.Provider contextProvider
    private void <init>(dagger.internal.Provider)
    public static com.catfact.app.core.database.di.DatabaseModule_ProvideDatabaseFactory create(dagger.internal.Provider)
    public com.catfact.app.core.database.CatFactDatabase get()
    public synthetic bridge java.lang.Object get()
com.catfact.app.core.database.di.RepositoryModule
com.catfact.app.core.database.mapper.CatFactMapperKt:
    public static final com.catfact.app.core.database.entity.CatFactEntity toEntity(com.catfact.app.core.domain.model.CatFact)
com.catfact.app.core.database.repository.CatFactRepositoryImpl$searchFacts$$inlined$map$1$2$1
com.catfact.app.core.database.repository.CatFactRepositoryImpl$searchFacts$$inlined$map$1$2
com.catfact.app.core.database.repository.CatFactRepositoryImpl$searchFacts$$inlined$map$1
...
androidx.compose.material.icons.twotone.NorthWestKt
androidx.compose.material.icons.twotone.NotAccessibleKt
androidx.compose.material.icons.twotone.NotInterestedKt
androidx.compose.material.icons.twotone.NotListedLocationKt
androidx.compose.material.icons.twotone.NotStartedKt
androidx.compose.material.icons.twotone.NoteAddKt
androidx.compose.material.icons.twotone.NoteAltKt
androidx.compose.material.icons.twotone.NoteKt
androidx.compose.material.icons.twotone.NotesKt
androidx.compose.material.icons.twotone.NotificationAddKt
androidx.compose.material.icons.twotone.NotificationImportantKt
androidx.compose.material.icons.twotone.NotificationsActiveKt
androidx.compose.material.icons.twotone.NotificationsKt
androidx.compose.material.icons.twotone.NotificationsNoneKt
androidx.compose.material.icons.twotone.NotificationsOffKt
androidx.compose.material.icons.twotone.NotificationsPausedKt
androidx.compose.material.icons.twotone.NumbersKt
androidx.compose.material.icons.twotone.OfflineBoltKt
androidx.compose.material.icons.twotone.OfflinePinKt
androidx.compose.material.icons.twotone.OfflineShareKt
androidx.compose.material.icons.twotone.OilBarrelKt
androidx.compose.material.icons.twotone.OnDeviceTrainingKt
androidx.compose.material.icons.twotone.OndemandVideoKt
androidx.compose.material.icons.twotone.OnlinePredictionKt
androidx.compose.material.icons.twotone.OpacityKt
androidx.compose.material.icons.twotone.OpenInBrowserKt
androidx.compose.material.icons.twotone.OpenInFullKt
androidx.compose.material.icons.twotone.OpenInNewKt
androidx.compose.material.icons.twotone.OpenInNewOffKt
androidx.compose.material.icons.twotone.OpenWithKt
androidx.compose.material.icons.twotone.OtherHousesKt
androidx.compose.material.icons.twotone.OutbondKt
androidx.compose.material.icons.twotone.OutboundKt
androidx.compose.material.icons.twotone.OutboxKt
androidx.compose.material.icons.twotone.OutdoorGrillKt
androidx.compose.material.icons.twotone.OutletKt
androidx.compose.material.icons.twotone.OutlinedFlagKt
androidx.compose.material.icons.twotone.OutputKt
androidx.compose.material.icons.twotone.PaddingKt
androidx.compose.material.icons.twotone.PagesKt
androidx.compose.material.icons.twotone.PageviewKt
androidx.compose.material.icons.twotone.PaidKt
androidx.compose.material.icons.twotone.PaletteKt
androidx.compose.material.icons.twotone.PanToolAltKt
androidx.compose.material.icons.twotone.PanToolKt
androidx.compose.material.icons.twotone.PanoramaFishEyeKt
androidx.compose.material.icons.twotone.PanoramaHorizontalKt
androidx.compose.material.icons.twotone.PanoramaHorizontalSelectKt
androidx.compose.material.icons.twotone.PanoramaKt
androidx.compose.material.icons.twotone.PanoramaPhotosphereKt
androidx.compose.material.icons.twotone.PanoramaPhotosphereSelectKt
androidx.compose.material.icons.twotone.PanoramaVerticalKt
androidx.compose.material.icons.twotone.PanoramaVerticalSelectKt
androidx.compose.material.icons.twotone.PanoramaWideAngleKt
androidx.compose.material.icons.twotone.PanoramaWideAngleSelectKt
androidx.compose.material.icons.twotone.ParaglidingKt
androidx.compose.material.icons.twotone.ParkKt
androidx.compose.material.icons.twotone.PartyModeKt
androidx.compose.material.icons.twotone.PasswordKt
androidx.compose.material.icons.twotone.PatternKt
androidx.compose.material.icons.twotone.PauseCircleFilledKt
androidx.compose.material.icons.twotone.PauseCircleKt
androidx.compose.material.icons.twotone.PauseCircleOutlineKt
androidx.compose.material.icons.twotone.PauseKt
androidx.compose.material.icons.twotone.PausePresentationKt
androidx.compose.material.icons.twotone.PaymentKt
androidx.compose.material.icons.twotone.PaymentsKt
androidx.compose.material.icons.twotone.PedalBikeKt
androidx.compose.material.icons.twotone.PendingActionsKt
androidx.compose.material.icons.twotone.PendingKt
androidx.compose.material.icons.twotone.PentagonKt
androidx.compose.material.icons.twotone.PeopleAltKt
androidx.compose.material.icons.twotone.PeopleKt